<?xml version="1.0" encoding="UTF-8"?>
<testsuite name="ru.stqa.geometry.figures.TriangleTests" tests="2" skipped="0" failures="0" errors="0" timestamp="2023-09-17T07:19:22" hostname="DESKTOP-901MQSB" time="0.014">
  <properties/>
  <testcase name="canCalculatePerimeter()" classname="ru.stqa.geometry.figures.TriangleTests" time="0.013"/>
  <testcase name="canCalculateArea()" classname="ru.stqa.geometry.figures.TriangleTests" time="0.001"/>
  <system-out><![CDATA[]]></system-out>
  <system-err><![CDATA[]]></system-err>
</testsuite>
