<?xml version="1.0" encoding="UTF-8"?>
<testsuite name="GroupRemovalTests" tests="1" skipped="0" failures="0" errors="0" timestamp="2023-09-26T14:36:11" hostname="DESKTOP-901MQSB" time="6.148">
  <properties/>
  <testcase name="canRemoveGroup()" classname="GroupRemovalTests" time="6.148"/>
  <system-out><![CDATA[]]></system-out>
  <system-err><![CDATA[SLF4J: Failed to load class "org.slf4j.impl.StaticLoggerBinder".
SLF4J: Defaulting to no-operation (NOP) logger implementation
SLF4J: See http://www.slf4j.org/codes.html#StaticLoggerBinder for further details.
]]></system-err>
</testsuite>
