<?xml version="1.0" encoding="UTF-8"?>
<testsuite name="ru.stqa.mantis.tests.LoginTests" tests="1" skipped="0" failures="0" errors="0" timestamp="2023-11-17T08:19:23" hostname="DESKTOP-901MQSB" time="3.191">
  <properties/>
  <testcase name="canLogin()" classname="ru.stqa.mantis.tests.LoginTests" time="3.191"/>
  <system-out><![CDATA[]]></system-out>
  <system-err><![CDATA[SLF4J: Failed to load class "org.slf4j.impl.StaticLoggerBinder".
SLF4J: Defaulting to no-operation (NOP) logger implementation
SLF4J: See http://www.slf4j.org/codes.html#StaticLoggerBinder for further details.
нояб. 17, 2023 4:19:25 PM org.openqa.selenium.devtools.CdpVersionFinder findNearestMatch
WARNING: Unable to find an exact match for CDP version 119, so returning the closest version found: 117
]]></system-err>
</testsuite>
